<?xml version="1.0" encoding="UTF-8"?>
<testsuite name="JUnit Jupiter" tests="19" skipped="0" failures="0" errors="0" time="0.128" hostname="DESKTOP-T40GFJV" timestamp="2018-08-04T12:14:54">
<properties>
[...]
</properties>
<testcase name="quickSortEmptyArrayTest()" classname="mainTest.AlgorithmsTest" time="0.018">
<system-out><![CDATA[
unique-id: [engine:junit-jupiter]/[class:mainTest.AlgorithmsTest]/[method:quickSortEmptyArrayTest()]
display-name: quickSortEmptyArrayTest()
]]></system-out>
</testcase>
<testcase name="quickSortNullArrayTest()" classname="mainTest.AlgorithmsTest" time="0.001">
<system-out><![CDATA[
unique-id: [engine:junit-jupiter]/[class:mainTest.AlgorithmsTest]/[method:quickSortNullArrayTest()]
display-name: quickSortNullArrayTest()
]]></system-out>
</testcase>
<testcase name="testMedianOdd()" classname="mainTest.CalculationsTest$CalculateNumbers" time="0.021">
<system-out><![CDATA[
unique-id: [engine:junit-jupiter]/[class:mainTest.CalculationsTest]/[nested-class:CalculateNumbers]/[method:testMedianOdd()]
display-name: testMedianOdd()
]]></system-out>
</testcase>
<testcase name="testMax()" classname="mainTest.CalculationsTest$CalculateNumbers" time="0.001">
<system-out><![CDATA[
unique-id: [engine:junit-jupiter]/[class:mainTest.CalculationsTest]/[nested-class:CalculateNumbers]/[method:testMax()]
display-name: testMax()
]]></system-out>
</testcase>
<testcase name="testMin()" classname="mainTest.CalculationsTest$CalculateNumbers" time="0">
<system-out><![CDATA[
unique-id: [engine:junit-jupiter]/[class:mainTest.CalculationsTest]/[nested-class:CalculateNumbers]/[method:testMin()]
display-name: testMin()
]]></system-out>
</testcase>
<testcase name="testMode()" classname="mainTest.CalculationsTest$CalculateNumbers" time="0.001">
<system-out><![CDATA[
unique-id: [engine:junit-jupiter]/[class:mainTest.CalculationsTest]/[nested-class:CalculateNumbers]/[method:testMode()]
display-name: testMode()
]]></system-out>
</testcase>
<testcase name="testAverage()" classname="mainTest.CalculationsTest$CalculateNumbers" time="0.001">
<system-out><![CDATA[
unique-id: [engine:junit-jupiter]/[class:mainTest.CalculationsTest]/[nested-class:CalculateNumbers]/[method:testAverage()]
display-name: testAverage()
]]></system-out>
</testcase>
<testcase name="testMidRange()" classname="mainTest.CalculationsTest$CalculateNumbers" time="0.001">
<system-out><![CDATA[
unique-id: [engine:junit-jupiter]/[class:mainTest.CalculationsTest]/[nested-class:CalculateNumbers]/[method:testMidRange()]
display-name: testMidRange()
]]></system-out>
</testcase>
<testcase name="testVariance()" classname="mainTest.CalculationsTest$CalculateNumbers" time="0.001">
<system-out><![CDATA[
unique-id: [engine:junit-jupiter]/[class:mainTest.CalculationsTest]/[nested-class:CalculateNumbers]/[method:testVariance()]
display-name: testVariance()
]]></system-out>
</testcase>
<testcase name="testQuartileThree()" classname="mainTest.CalculationsTest$CalculateNumbers" time="0">
<system-out><![CDATA[
unique-id: [engine:junit-jupiter]/[class:mainTest.CalculationsTest]/[nested-class:CalculateNumbers]/[method:testQuartileThree()]
display-name: testQuartileThree()
]]></system-out>
</testcase>
<testcase name="testMedianPair()" classname="mainTest.CalculationsTest$CalculateNumbers" time="0.001">
<system-out><![CDATA[
unique-id: [engine:junit-jupiter]/[class:mainTest.CalculationsTest]/[nested-class:CalculateNumbers]/[method:testMedianPair()]
display-name: testMedianPair()
]]></system-out>
</testcase>
<testcase name="testStandardDeviation()" classname="mainTest.CalculationsTest$CalculateNumbers" time="0.001">
<system-out><![CDATA[
unique-id: [engine:junit-jupiter]/[class:mainTest.CalculationsTest]/[nested-class:CalculateNumbers]/[method:testStandardDeviation()]
display-name: testStandardDeviation()
]]></system-out>
</testcase>
<testcase name="testQuartileOne()" classname="mainTest.CalculationsTest$CalculateNumbers" time="0">
<system-out><![CDATA[
unique-id: [engine:junit-jupiter]/[class:mainTest.CalculationsTest]/[nested-class:CalculateNumbers]/[method:testQuartileOne()]
display-name: testQuartileOne()
]]></system-out>
</testcase>
<testcase name="notNumbersTest()" classname="mainTest.StatisticalValidatorTest$CalculateNumbers" time="0.013">
<system-out><![CDATA[
unique-id: [engine:junit-jupiter]/[class:mainTest.StatisticalValidatorTest]/[nested-class:CalculateNumbers]/[method:notNumbersTest()]
display-name: notNumbersTest()
]]></system-out>
</testcase>
<testcase name="correctFileTest()" classname="mainTest.StatisticalValidatorTest$CalculateNumbers" time="0.002">
<system-out><![CDATA[
unique-id: [engine:junit-jupiter]/[class:mainTest.StatisticalValidatorTest]/[nested-class:CalculateNumbers]/[method:correctFileTest()]
display-name: correctFileTest()
]]></system-out>
</testcase>
<testcase name="notExistingFileTest()" classname="mainTest.StatisticalValidatorTest$CalculateNumbers" time="0.001">
<system-out><![CDATA[
unique-id: [engine:junit-jupiter]/[class:mainTest.StatisticalValidatorTest]/[nested-class:CalculateNumbers]/[method:notExistingFileTest()]
display-name: notExistingFileTest()
]]></system-out>
</testcase>
<testcase name="firstLineEmptyTest()" classname="mainTest.StatisticalValidatorTest$CalculateNumbers" time="0.001">
<system-out><![CDATA[
unique-id: [engine:junit-jupiter]/[class:mainTest.StatisticalValidatorTest]/[nested-class:CalculateNumbers]/[method:firstLineEmptyTest()]
display-name: firstLineEmptyTest()
]]></system-out>
</testcase>
<testcase name="emptyFileTest()" classname="mainTest.StatisticalValidatorTest$CalculateNumbers" time="0.001">
<system-out><![CDATA[
unique-id: [engine:junit-jupiter]/[class:mainTest.StatisticalValidatorTest]/[nested-class:CalculateNumbers]/[method:emptyFileTest()]
display-name: emptyFileTest()
]]></system-out>
</testcase>
<testcase name="notCsvFormatTest()" classname="mainTest.StatisticalValidatorTest$CalculateNumbers" time="0.001">
<system-out><![CDATA[
unique-id: [engine:junit-jupiter]/[class:mainTest.StatisticalValidatorTest]/[nested-class:CalculateNumbers]/[method:notCsvFormatTest()]
display-name: notCsvFormatTest()
]]></system-out>
</testcase>
<system-out><![CDATA[
unique-id: [engine:junit-jupiter]
display-name: JUnit Jupiter
]]></system-out>
</testsuite>
